-------------------------------------------------------------------------------
Test set: com.ramakant.demo.demo.DemoApplicationTests
-------------------------------------------------------------------------------
Tests run: 1, Failures: 0, Errors: 1, Skipped: 0, Time elapsed: 0.379 s <<< FAILURE! - in com.ramakant.demo.demo.DemoApplicationTests
initializationError(com.ramakant.demo.demo.DemoApplicationTests)  Time elapsed: 0.006 s  <<< ERROR!
java.lang.IllegalStateException: Unable to find a @SpringBootConfiguration, you need to use @ContextConfiguration or @SpringBootTest(classes=...) with your test

