<?xml version="1.0" encoding="UTF-8"?>
<testsuite xmlns:xsi="http://www.w3.org/2001/XMLSchema-instance" xsi:noNamespaceSchemaLocation="https://maven.apache.org/surefire/maven-surefire-plugin/xsd/surefire-test-report.xsd" name="com.ramakant.demo.test.unit.common.SiteMapTests" time="0.001" tests="8" errors="0" skipped="0" failures="0">
  <properties>
[...]
</properties>
  <testcase name="SiteMap_SiteIdToSiteNameMap_Returns_android_WhenKeyIs_android" classname="com.ramakant.demo.test.unit.common.SiteMapTests" time="0"/>
  <testcase name="SiteMap_SiteNameToSiteIdMap_Returns_mobileUNDERSCOREweb_WhenKeyIs_mobileSPACEweb" classname="com.ramakant.demo.test.unit.common.SiteMapTests" time="0"/>
  <testcase name="SiteMap_SiteNameToSiteIdMapp_Returns_desktopUNDERSCOREweb_WhenKeyIs_desktopSPACEEweb" classname="com.ramakant.demo.test.unit.common.SiteMapTests" time="0"/>
  <testcase name="SiteMap_SiteIdToSiteNameMap_Returns_iOS_WhenKeyIs_ios" classname="com.ramakant.demo.test.unit.common.SiteMapTests" time="0"/>
  <testcase name="SiteMap_SiteIdToSiteNameMap_Returns_mobileSPACEweb_WhenKeyIs_mobileUNDERSCOREweb" classname="com.ramakant.demo.test.unit.common.SiteMapTests" time="0"/>
  <testcase name="SiteMap_SiteIdToSiteNameMap_Returns_desktopSPACEweb_WhenKeyIs_desktopUNDERSCOREweb" classname="com.ramakant.demo.test.unit.common.SiteMapTests" time="0"/>
  <testcase name="SiteMap_SiteNameToSiteIdMap_Returns_ios_WhenKeyIs_iOS" classname="com.ramakant.demo.test.unit.common.SiteMapTests" time="0"/>
  <testcase name="SiteMap_SiteNameToSiteIdMap_Returns_android_WhenKeyIs_android" classname="com.ramakant.demo.test.unit.common.SiteMapTests" time="0"/>
</testsuite>